<?xml version="1.0" encoding="UTF-8"?>
<beans xmlns="http://www.springframework.org/schema/beans"
       xmlns:xsi="http://www.w3.org/2001/XMLSchema-instance"
       xsi:schemaLocation="
      http://www.springframework.org/schema/beans http://www.springframework.org/schema/beans/spring-beans-3.0.xsd" >

   <!-- Set support file like objects using bean from an external file -->
   <bean id="fileLikePaths" class="${fileLikePaths.class}">
      <property name="filesystemSupported" value="${fileLikePaths.filesystemSupported}"/>
      <property name="classpathSupported" value="${fileLikePaths.classpathSupported}"/>
      <property name="httpSupported" value="${fileLikePaths.httpSupported}"/>
      <property name="bucketSupported" value="${fileLikePaths.bucketSupported}"/>
      <property name="bucketRegion" value="${fileLikePaths.bucketRegion}"/>
      <property name="bucketEndpoint" value="${fileLikePaths.bucketEndpoint}"/>
   </bean>

   <bean id="url" class="uk.co.polycode.mdcms.util.net.UrlHelper"/>

   <bean id="catalogue" class="uk.co.diyaccounting.web.service.CatalogueServiceMemImpl">
   </bean>

</beans>
